Case #1: 33.33333 66.66667
Case #2: 0.00000 100.00000
Case #3: 25.00000 25.00000 25.00000 25.00000
Case #4: 34.66667 26.66667 38.66667
Case #5: 10.90909 10.90909 10.90909 10.90909 10.90909 10.90909 10.90909 10.90909 1.81818 10.90909
Case #6: 25.00000 0.00000 25.00000 25.00000 25.00000
Case #7: 25.04983 20.06645 23.05648 16.07973 15.74751
Case #8: 95.34884 4.65116
Case #9: 20.19737 0.00000 0.00000 20.19737 19.86842 0.00000 0.00000 19.86842 19.86842
Case #10: 12.50000 12.50000 12.50000 12.50000 0.00000 12.50000 12.50000 12.50000 12.50000
Case #11: 50.00000 50.00000
Case #12: 10.32291 8.03458 12.15357 8.26341 12.84007 12.61124 10.78057 12.38241 12.61124
Case #13: 37.58389 62.41611
Case #14: 33.33333 66.66667
Case #15: 11.11111 11.11111 11.11111 11.11111 11.11111 11.11111 11.11111 11.11111 11.11111
Case #16: 10.00000 10.00000 10.00000 10.00000 10.00000 10.00000 10.00000 10.00000 10.00000 10.00000
Case #17: 10.66244 10.89997 0.00000 19.45104 1.39879 19.68857 0.92373 8.99974 13.51280 14.46292
Case #18: 49.64539 50.35461
Case #19: 100.00000 0.00000
Case #20: 5.10204 29.59184 28.23129 10.20408 20.06803 6.80272
